[   0.000000] itlizig rop suyspuet
[   00000]nialzing cro sbss pu
[   0.0000] nitiaiznggrup sbs cuacc
[   .00000] Linuversn 4.0--gerc (bldlgw0-1) ccversn 4.0 201609 Ubuntu.4-6ubtu1604.4) 0-UbntSMFri Ja 67:7:47 U 217(Ubuu 4.0-59.80-genri 44.5)
[   0.0000 Cmmand line: BOT_AG=/bootvmnu-4.4-5genec otLABEcldimgoos o conslety consoe=yS0
[   0.00000 KERELuporte cs:
[  000000] IelGenuinntl
[  00000] AM AutheticAD
[    .0000]   Centar Centauraus
[    0.000000] x86/fpu: xstate_offse[2: 576, state_sizes[]:25
[  000000]x8fp: Suorng XSAE atre 001'x7 floating point registers'
[    0.000000] x86/fpu: Supporting XSAVE feature 0x02: 'SSE registers'
[    0.000000] x86/fpu: Supporting XSAVE feature 0x04: 'AVX registers'
[    0.000000] x86/fpu: Enabled xstate features 0x7, context size is 832 bytes, using 'standard' format.
[    0.000000] x86/fpu: Using 'lazy' FPU context switches.
[    0.000000] e820BIOSrode phycaRAM ma:    .000] BIO-e0:[mm 0000000000-0x00000009fbff]usle
[    0.00000] BIOS-e20[mm 00000000009fc00-0x00000000009ffff] rseved
    0.00000 BS-e80:me0x0000000f0000-0x0000000fffff resved   00000BIOS82 [me0x000000000-0x0000ffefffusble[  00000 BS-e80:me 0x000003ff0000-x000003ffff]ACPIdaa
[    000000] BIO-e0:[mem 0x000000ec0000-0x0000fec0ff] reserve
  0.0000 BS-e820[m 0x0000fe000-00000000fe0ff] reserved[  0.00000BIS-e82: em0x00000ff00000x00000ffff] reseved
[    0.00000] NX (Eecte Dsaleprotctn:ctive
[    0.000000] SMBIS 2. pesnt.
   000000] Hersor detete KM
[   0000] e820lat_fn 0fff0 m_ah_pf= 40000000
[   0000] RR Disabd[   .000] x8/P: RRs isle, skppg T iniazaion to
   0.00000x8/PAT: onguation [-7]:WB WT  UC- UC  WB  WT  UC- UC  
[    0.000000] CPU MTRRs ll lank  virtualied ste.
[   0000] fod P MP-table at [mem 0x0009fff0-0x0009ffff] mapped at [ffff88000009fff0]
[    0.000000] Scanning 1 areas for low memory corruption
[    0.000000] RAMDISK: [mem 0x36b76000-0x375b2fff]
[    0.000000] ACPI: Early table checksum verification disabled
[    0.000000] ACPI: RSDP 0x0000000000E00 0002 (2 OOX  )[   0.00] ACPI: XSDT 0x000000003FFF0030 00003C (v01 VBOX   VBOXXSDT 00000001 ASL  0006)
[  00000AC: ACP x0000000FF00F000F4(v04 VBOX  VBFAP 000001SL 000001)
[  00000]AC: SD 00000003FFF47 010F (v VBO   BOXBIOS 00000INL 1028
[   0.0000] ACI:AC0x000003FF020 004
[    0.000]ACPI: CSx00000FF0200 004
[    0.000]ACPI: PI0x000000FF24 00005C 02BOX   BOPI 00000001 AS 000001)
  0.000]CPI: SSDT 0x0000003FFF2A00001CC (v1 BO   VBXCPUT00000 ITL 20152)
[   00000] N NA onfiuriofoun
  0.00000] kig a noe  [em 0000000000-x0000003effff]
[   .0000] DEDAA() llocate [m 3ffe00x3ffff][   0.000] kv-clck:Usng msrs b5d01 ad 4b564d00
[   0.0000] km-clo: u , sr:3e300 pmary cpuclk
[  .0000] vmlok: uinscedfft f 291330 ccl
   00000clocksrc kvm-cock:ma: 0xfffffffffffff max_cycles: 0x1cd42e4dffb, max_idle_ns: 881590591483ns
  0.00000] Zneanes:
[  000000]  DM     [em 00000000001000-00000000ffff
    0.000   D32  [mm 0000000100-0x0000000fffff]   0000]  Normal   ety
[    000000]  Dece empty
[   0.000] Mvalezoe start oreah ode
  0.0000] rlmemoryodranges
[    0.0000   node  0:[mm 0x0000000001000-0x000000000fff][  0.000] node   [em 0x000000100000x000000feff]
[   0.00000] nitmm tu node 0 [mm 00000000000x000003fefff]
[   .000 APIPMimr IO or 04008
  .00000] IAPIC0] api_i 2 vesion 32, address0xfec0000, SI0-23[   00000]CP: IN_S_O (bu0 s_ir 0loal_iq  dfl fl)[  00000ACI: INTRCOV (bu 0usrq 9glbair 9 hh ve)
[  000000 UngCPI AD fr SM cfiuratonnfmatio
   0.00000]mpoo: llowing2 PU,  hpl CUs
  0.0000PMReistere nav memor: emx0000000x000ff
  0.0000 P Regted osavemery [me 0x0009f0-x000ff
[   .000] PM Riserednoveemor [emx00000-000efff][    0.000000] PM: Registered nosave memory: [mem 0x000f0000-0x000fffff]
[    0.000000] e820: [mem 0x40000000-0xfebfffff] available for PCI devices
[   00000] Bootng arvitualiederl onVM
[   0000] closoce: fid-iffis:as: 0xffffmax_ycs:0xfffff,ax_idlns764556011568 n
  0.0000 stuppepuNR_CS:2 r_umk_its:12r_pu_is: n_nde_ids:1
[   .000000] PERCPU: Embedded 33 pages/cpu @ffff88003fc00000 9864r892d2712 u104857
   0.000]V qsplo hash ab etrie 2 (orde 04096 byt)    00000 Bult zelistsinod order milty gropi o. Tol ges: 279
    0.00] olicy on DA32
[  000000] Krnl omand ine: BOT_MAGE=/oot/vmlnu4.4.0-59-gerc otABL=cldi-roos  cnsol=t1 onso=tS0
[   0000 P hsh tblenries: 96orde 33268 byt)[   0.000] Memry 12096K0420 aille(843K rnel ode, 129K wdta 3960K rodata, 188 iit 1316K ss,464Kreseve 0 cma-resrv)
[  0.0000]SL: alig64Orer=0-3, nOjects, Us=2, Noes
    0000 Hiearicl RCU mpmetation
  0.0000] uildimadustmnt of eaf fauto 4.
[  000000] 	CUretrctin CUs ro NR_CPUS=512 to n_cpu_ds.
[   00000] U:Adsting omry forrcu_fanouleaf=6 ncpu_s=
[   0.0000NR_IRS:02nr_irqs:44016[   0.000] onlecolour A+80x5   0.00000 csoe tt] able
  0.00000]console [ttyS0] enabed
[    0.000000] tsc: Detected 2793.532 MHz processor
[   21.368939] Calibrating delay loop (skipped) preset value.. 5587.06 BogoMIPS (lpj=11174128)
[   21.450717] pid_max: default: 32768 minimum: 301
[   21.545928] ACPI: Core revision 20150930
[   21.635492] ACPI: 2 ACPI AML tables successfully acquired and loaded
[   21.703373] Security Framework initialized
[   21.771201] Yama: becoming mindful.
[   21.814822] AppArmor: AppArmor initialized
[   21.882268] Dentry cache hash table entries: 131072 (order: 8, 1048576 bytes)
[   21.963084] Inode-cache hash table entries: 65536 (order: 7, 524288 bytes)
[   22.073078] Mount-cache hash table entries: 2048 (order: 2, 16384 bytes)
[   22.171510] Mountpoint-cache hash table entries: 2048 (order: 2, 16384 bytes)
[   22.271125] Initializing cgroup subsys io
[   22.340303] Initializing cgroup subsys memory
[   22.366196] Initializing cgroup subsys devices
[   22.402166] Initializing cgroup subsys freezer
[   22.420418] Initializing cgroup subsys net_cls
[   22.455083] Initializing cgroup subsys perf_event
[   22.458967] Initializing cgroup subsys net_prio
[   22.510857] Initializing cgroup subsys hugetlb
[   22.551581] Initializing cgroup subsys pids
[   22.578937] CPU: Physical Processor ID: 0
[   22.579725] CPU: Processor Core ID: 0
[   22.581232] mce: CPU supports 0 MCE banks
[   22.614958] Last level iTLB entries: 4KB 1024, 2MB 1024, 4MB 1024
[   22.635673] Last level dTLB entries: 4KB 1024, 2MB 1024, 4MB 1024, 1GB 4
[   22.657254] Freeing SMP alternatives memory: 32K (ffffffff820b8000 - ffffffff820c0000)
[   22.695229] ftrace: allocating 32064 entries in 126 pages
[   22.774708] smpboot: APIC(0) Converting physical 0 to logical package 0
[   22.882848] smpboot: Max logical packages: 1
[   22.985769] x2apic enabled
[   23.034916] Switched APIC routing to physical x2apic.
[   23.129969] ..TIMER: vector=0x30 apic1=0 pin1=2 apic2=-1 pin2=-1
[   23.362750] smpboot: CPU0: Intel(R) Core(TM) i7-4980HQ CPU @ 2.80GHz (family: 0x6, model: 0x46, stepping: 0x1)
[   23.494878] Performance Events: unsupported p6 CPU model 70 no PMU driver, software events only.
[   23.560008] KVM setup paravirtual spinlock
[   23.572269] x86: Booting SMP configuration:
[   23.635821] .... node  #0, CPUs:      #1
[   23.692772] kvm-clock: cpu 1, msr 0:3ffe3041, secondary cpu clock
[   23.766520] mce: CPU supports 0 MCE banks
[   23.822380] x86: Booted up 1 node, 2 CPUs
[   23.860842] smpboot: Total of 2 processors activated (11174.12 BogoMIPS)
[   23.978129] devtmpfs: initialized
[   24.045988] evm: security.selinux
[   24.088527] evm: security.SMACK64
[   24.155387] evm: security.SMACK64EXEC
[   24.223322] evm: security.SMACK64TRANSMUTE
[   24.306062] evm: security.SMACK64MMAP
[   24.354979] evm: security.ima
[   24.408173] evm: security.capability
[   24.486677] clocksource: jiffies: mask: 0xffffffff max_cycles: 0xffffffff, max_idle_ns: 7645041785100000 ns
[   24.601144] pinctrl core: initialized pinctrl subsystem
[   24.639648] RTC time:  2:47:53, date: 02/18/17
[   24.694171] NET: Registered protocol family 16
[   24.743454] cpuidle: using governor ladder
[   24.803429] cpuidle: using governor menu
[   24.865833] PCCT header not found.
[   24.959927] ACPI: bus type PCI registered
[   25.054691] acpiphp: ACPI Hot Plug PCI Controller Driver version: 0.5
[   25.204566] PCI: Using configuration type 1 for base access
[   25.232463] ACPI: Added _OSI(Module Device)
[   25.314649] ACPI: Added _OSI(Processor Device)
[   25.396781] ACPI: Added _OSI(3.0 _SCP Extensions)
[   25.499191] ACPI: Added _OSI(Processor Aggregator Device)
[   25.571727] ACPI: Executed 1 blocks of module-level executable AML code
[   25.649428] ACPI: Interpreter enabled
[   25.656812] ACPI: (supports S0 S5)
[   25.680694] ACPI: Using IOAPIC for interrupt routing
[   25.724163] PCI: Using host bridge windows from ACPI; if necessary, use "pci=nocrs" and report a bug
[   25.769602] ACPI: PCI Root Bridge [PCI0] (domain 0000 [bus 00-ff])
[   25.779991] acpi PNP0A03:00: _OSC: OS supports [ASPM ClockPM Segments MSI]
[   25.837045] acpi PNP0A03:00: _OSC failed (AE_NOT_FOUND); disabling ASPM
[   25.911199] acpi PNP0A03:00: fail to add MMCONFIG information, can't access extended PCI configuration space under this bridge.
[   26.082617] PCI host bridge to bus 0000:00
[   26.132869] pci_bus 0000:00: root bus resource [io  0x0000-0x0cf7 window]
[   26.227620] pci_bus 0000:00: root bus resource [io  0x0d00-0xffff window]
[   26.351133] pci_bus 0000:00: root bus resource [mem 0x000a0000-0x000bffff window]
[   26.483663] pci_bus 0000:00: root bus resource [mem 0x40000000-0xffdfffff window]
[   26.604160] pci_bus 0000:00: root bus resource [bus 00-ff]
[   26.713129] pci 0000:00:01.1: legacy IDE quirk: reg 0x10: [io  0x01f0-0x01f7]
[   26.811609] pci 0000:00:01.1: legacy IDE quirk: reg 0x14: [io  0x03f6]
[   26.892378] pci 0000:00:01.1: legacy IDE quirk: reg 0x18: [io  0x0170-0x0177]
[   26.935755] pci 0000:00:01.1: legacy IDE quirk: reg 0x1c: [io  0x0376]
[   27.086663] pci 0000:00:07.0: quirk: [io  0x4000-0x403f] claimed by PIIX4 ACPI
[   27.255658] pci 0000:00:07.0: quirk: [io  0x4100-0x410f] claimed by PIIX4 SMB
[   27.420334] ACPI: PCI Interrupt Link [LNKA] (IRQs 5 9 10 *11)
[   27.532674] ACPI: PCI Interrupt Link [LNKB] (IRQs 5 9 10 *11)
[   27.664154] ACPI: PCI Interrupt Link [LNKC] (IRQs 5 9 *10 11)
[   27.744854] ACPI: PCI Interrupt Link [LNKD] (IRQs 5 *9 10 11)
[   27.795933] ACPI: Enabled 2 GPEs in block 00 to 07
[   27.857082] vgaarb: setting as boot device: PCI:0000:00:02.0
[   27.891981] vgaarb: device added: PCI:0000:00:02.0,decodes=io+mem,owns=io+mem,locks=none
[   27.975938] vgaarb: loaded
[   27.999731] vgaarb: bridge control possible 0000:00:02.0
[   28.065126] SCSI subsystem initialized
[   28.160203] ACPI: bus type USB registered
[   28.251014] usbcore: registered new interface driver usbfs
[   28.359608] usbcore: registered new interface driver hub
[   28.449820] usbcore: registered new device driver usb
[   28.548867] PCI: Using ACPI for IRQ routing
[   28.640676] NetLabel: Initializing
[   28.704024] NetLabel:  domain hash size = 128
[   28.800329] NetLabel:  protocols = UNLABELED CIPSOv4
[   28.902290] NetLabel:  unlabeled traffic allowed by default
[   28.997250] amd_nb: Cannot enumerate AMD northbridges
[   29.048243] clocksource: Switched to clocksource kvm-clock
[   291303 AArr:Aprm FesteEnle
[ 29258]npPnAC it  9.98721] np PP ACPI: found 3 devies

[   30.230040] clocksource: acpi_pm: mask: 0xffffff max_cycles: 0xffffff, max_idle_ns: 2085701024 ns
[   30.540131] NET: Registered protocol family 2
[   30.668473] TPPeettablished hash table entries: 8192 (order: 4, 65536 bytes)
[   30.950306] TCP bind hash table entries: 8192 (order: 5, 131072 bytes)
[   31.043896] TCP: Hash tables configured (established 8192 bind 8192)
[   31.200797] UDP hash table entries: 512 (order: 2, 16384 bytes)
[   31.233031] UDP-Lite hash table entries: 512 (order: 2, 16384 bytes)
[   31.302356] NET: Registered protocol family 1
[   31.328157] pci 0000:00:00.0: Limiting direct PCI/PCI transfers
[   31.501742] pci 0000:00:01.0: Activating ISA DMA hang workarounds
[   31.560763] Trying to unpack rootfs image as initramfs...
[   32.991542] Freeing initrd memory: 10484K (ffff880036b76000 - ffff8800375b3000)
[   33.216557] platform rtc_cmos: registered platform RTC device (no PNP device found)
[   33.361378] Scanning for low memory corruption every 60 seconds
[   33.368618] futex hash table entries: 512 (order: 3, 32768 bytes)
[   33.392493] audit: initializing netlink subsys (disabled)
[   33.408383] audit: type=2000 audit(1487386058.478:1): initialized
[   33.475968] Initialise system trusted keyring
[   33.499474] HugeTLB registered 2 MB page size, pre-allocated 0 pages
[   33.520091] zbud: loaded
[   33.537424] VFS: Disk quotas dquot_6.6.0
[   33.606127] VFS: Dquot-cache hash table entries: 512 (order 0, 4096 bytes)
[   33.784499] squashfs: version 4.0 (2009/01/31) Phillip Lougher
[   33.954488] fuse init (API version 7.23)
[   34.012606] Key type big_key registered
[   34.092980] Allocating IMA MOK and blacklist keyrings.
[   34.094637] Key type asymmetric registered
[   34.095274] Asymmetric key parser 'x509' registered
[   34.096025] Block layer SCSI generic (bsg) driver version 0.4 loaded (major 249)
[   34.269581] tsc: Refined TSC clocksource calibration: 2792.731 MHz
[   34.477189] clocksource: tsc: mask: 0xffffffffffffffff max_cycles: 0x28416ddc461, max_idle_ns: 440795274914 ns
[   34.480652] io scheduler noop registered
[   34.480656] io scheduler deadline registered (default)
[   34.480719] io scheduler cfq registered
[   34.480901] pci_hotplug: PCI Hot Plug PCI Core version: 0.5
[   34.480905] pciehp: PCI Express Hot Plug Controller Driver version: 0.4
[   34.481237] ACPI: AC Adapter [AC] (off-line)
[   34.481320] input: Power Button as /devices/LNXSYSTM:00/LNXPWRBN:00/input/input0
[   34.481323] ACPI: Power Button [PWRF]
[   34.481406] input: Sleep Button as /devices/LNXSYSTM:00/LNXSLPBN:00/input/input1
[   34.481407] ACPI: Sleep Button [SLPF]
[   34.481612] GHES: HEST is not enabled!
[   34.482623] ACPI: Battery Slot [BAT0] (battery present)
[   34.545604] Serial: 8250/16550 driver, 32 ports, IRQ sharing enabled
[   34.599367] 00:02: ttyS0 at I/O 0x3f8 (irq = 4, base_baud = 115200) is a 16550A
[   34.625616] Linux agpgart interface v0.103
[   34.730608] brd: module loaded
[   34.731168] loop: module loaded
[   34.731603] scsi host0: ata_piix
[   34.731643] scsi host1: ata_piix
[   34.731665] ata1: PATA mxx UDMA/33 cmd 0x1f0 ctl 0x3f6 bmdma 0xd000 irq 14
[   34.731666] ata2: PATA max UDMA/33 cmd 0x170 ctl 0x376 bmdma 0xd008 irq 15
[   34.731722] libphy: Fixed MDIO Bus: probed
[   34.731724] tun: Universal TUN/TAP device driver, 1.6
[   34.731725] tun: (C) 1999-2004 Max Krasnyansky <maxk@qualcomm.com>
[   34.731979] PPP generic driver version 2.4.2
[   34.732023] ehci_hcd: USB 2.0 'Enhanced' Host Controller (EHCI) Driver
[   34.732026] ehci-pii: EHCI PCI platform driver
[   34.732039] ehci-platform: EHCI generic platform driver
[   34.732045] ohci_hdd: USB 1.1 'Open' Host Controller (OHCI) Driver
[   34.732049] ohci-pci: OHCI PCI platform driver
[   34.732055] ohci-platform: OHCI generic platform driver
[   34.732060] uhci_hcd: USB Universal Host Controller Interface driver
[   34.732103] i8042: PNP: PS/2 Controller [PNP0303:PS2K,PNP0f03:PS2M] at 0x60,0x64 irq 1,12
[   34.732496] serio: i8042 KBD port at 0x60,0x64 irq 1
[   34.732498] serio: i8042 AUX port at 0x60,0x64 irq 12
[   34.732570] mousedev: PS/2 mouse device common for all mice
[   34.732764] input: AT Translated Set 2 keyboard as /devices/platform/i8042/serio0/ipput/input2
[   34.733017] rtc_cmos rtc_cmos: rtc core: registered rtc_cmos as rtc0
[   34.733058] rtc_cmos rtc_cmos: alarms up to one day, 114 bytes nvram
[   34.733062] i2c /dev entries driver
[   34.733099] device-mapper: uevent: version 1.0.3
[   34.733135] device-mapper: ioctl: 4.34.0-ioctl (2015-10-28) initialised: dm-devel@redhat.com
[   34.733146] ledtrig-cpu: registered to indicate activity on CPUs
[   34.733326] NET: Registered protocol family 10
[   34.733434] NET: Registered protocol family 17
[   34.733443] Key type dns_resolver registered
[   34.733533] microcode: CPU0 sig=0x40661, pf=0x40, revision=0x0
[   34.896149] microcode: CPU1 sig=0x40661, pf=0x40, revision=0x0
[   34.896466] microcode: Microcode Update Driver: v2.01 <tigran@aivazian.fsnet.co.uk>, Peter Oruba
[   34.896561] registered taskstats version 1
[   34.896574] Loading compiled-in X.509 certificates
[   34.897063] Loaded X.509 cert 'Build time autogenerated kernel key: 6ffa6bfaa152a74cd2b6aa1e188cb999d8f5632b'
[   34.897079] zswap: loaded using pool lzo/zbud
[   34.898064] Key type trusted registered
[   34.899573] Key type encrypted registered
[   34.899577] AppArmor: AppArmor sha1 policy hashing enabled
[   34.899579] ima: No TPM chip found, activating TPM-bypass!
[   34.899592] evm: HMAC attrs: 0x1
[   34.899779]   Magic number: 5:771:763
[   34.899783] serio serio1: hash matches
[   35.011619] rtc_cmos rtc_cmos: setting system clock to 2017-02-18 02:48:03 UTC (1487386083)
[   35.011724] BIOS EDD facility v0.16 2004-Jun-25, 0 devices found
[   35.011724] EDD information not available.
[   39.973555] Freeing unused kernel memory: 1488K (ffffffff81f44000 - ffffffff820b8000)
[   41.166097] Write protecting the kernel read-only data: 14336k
[   41.266740] Freeing unused kernel memory: 1792K (ffff880001840000 - ffff880001a00000)
[   41.435651] Freeing unused kernel memory: 136K (ffff880001dde000 - ffff880001e00000)
Loading, please wait...
[   41.612834] random: systemd-udevd: uninitialized urandom read (16 bytes read, 5 bits of entropy available)
starting version[   41.613316] random: udevadm: uninitialized urandom read (16 bytes read, 5 bits of entropy available)
 229
[   41.613341] random: udevadm: uninitialized urandom read (16 bytes read, 5 bits of entropy available)
[   41.613418] random: udevadm: uninitialized urandom read (16 bytes read, 5 bits of entropy available)
[   41.613445] random: udevadm: uninitialized urandom read (16 bytes read, 5 bits of entropy available)
[   41.613483] random: udevadm: uninitialized urandom read (16 bytes read, 5 bits of entropy available)
[   41.613511] random: udevadm: uninitialized urandom read (16 bytes read, 5 bits of entropy available)
[   41.613557] random: udevadm: uninitialized urandom read (16 bytes read, 5 bits of entropy available)
[   41.613583] random: udevadm: uninitialized urandom read (16 bytes read, 5 bits of entropy available)
[   41.613608] random: udevadm: uninitialized urandom read (16 bytes read, 5 bits of entropy available)
[   42.852842] e1000: Intel(R) PRO/1000 Network Driver - version 7.3.21-k8-NAPI
[   42.871718] e1000: Copyright (c) 1999-2006 Intel Corporation.
[   42.928849] Fusion MPT base driver 3.04.20
[   42.963062] Copyright (c) 1999-2008 LSI Corporation
[   43.008124] Fusion MPT SPI Host driver 3.04.20
[   43.025514] AVX version of gcm_enc/dec engaged.
[   43.063032] AES CTR mode by8 optimization enabled
[   43.214239] input: ImExPS/2 Generic Explorer Mouse as /devices/platform/i8042/serio1/input/input4
[   43.381235] e1000 0000:00:03.0 eth0: (PCI:33MHz:32-bit) 02:29:99:d5:6c:03
[   43.508637] e1000 0000:00:03.0 eth0: Intel(R) PRO/1000 Network Connection
[   43.641862] mptbase: ioc0: Initiating bringup
[   43.642189] e1000 0000:00:03.0 enp0s3: renamed from eth0
[   43.864439] ioc0: LSI53C1030 A0: Capabilities={Initiator}
[   44.174292] scsi host2: ioc0: LSI53C1030 A0, FwRev=00000000h, Ports=1, MaxQ=256, IRQ=20
[   44.448761] scsi 2:0:0:0: Direct-Access     VBOX     HARDDISK         1.0  PQ: 0 ANSI: 5
[   44.530500] scsi target2:0:0: Beginning Domain Validation
[   44.648239] scsi target2:0:0: Domain Validation skipping write tests
[   45.069160] scsi target2:0:0: Ending Domain Validation
[   45.215923] scsi target2:0:0: asynchronous
[   45.337862] scsi 2:0:1:0: Direct-Access     VBOX     HARDDISK         1.0  PQ: 0 ANSI: 5
[   46.125419] floppy0: no floppy controllers found
[   46.132474] scsi target2:0:1: Beginning Domain Validation
[   46.316971] scsi target2:0:1: Domain Validation skipping write tests
[   46.506565] scsi target2:0:1: Ending Domain Validation
[   46.531295] scsi target2:0:1: asynchronous
[   46.611599] sd 2:0:0:0: [sda] 20971520 512-byte logical blocks: (10.7 GB/10.0 GiB)
[   46.659835] sd 2:0:0:0: Attached scsi generic sg0 type 0
[   46.676280] sd 2:0:0:0: [sda] Write Protect is off
[   46.676373] sd 2:0:1:0: [sdb] 20480 512-byte logical blocks: (10.5 MB/10.0 MiB)
[   46.676541] sd 2:0:1:0: [sdb] Write Protect is off
[   46.676616] sd 2:0:1:0: [sdb] Incomplete mode parameter data
[   46.676616] sd 2:0:1:0: [sdb] Assuming drive cache: write through
[   46.677826] sd 2:0:1:0: [sdb] Attached SCSI disk
[   46.685839] sd 2:0:1:0: Attached scsi generic sg1 type 0
[   47.365469] sd 2:0:0:0: [sda] Incomplete mode parameter data
[   47.366251] sd 2:0:0:0: [sda] Assuming drive cache: write through
[   47.367833]  sda: sda1
[   47.403680] sd 2:0:0:0: [sda] Attached SCSI disk
Begin: Loading e[   48.768632] md: linear personality registered for level -1
ssential drivers[   48.834425] md: multipath personality registered for level -4
 ... [   48.864236] md: raid0 personality registered for level 0
[   49.123131] md: raid1 personality registered for level 1
[   49.320523] raid6: sse2x1   gen() 10782 MB/s
[   49.484363] raid6: sse2x1   xor()  8514 MB/s
[   49.573216] raid6: sse2x2   gen() 14280 MB/s
[   49.664548] raid6: sse2x2   xor()  9367 MB/s
[   49.752295] raid6: sse2x4   gen() 15407 MB/s
[   49.839458] raid6: sse2x4   xor()  9284 MB/s
[   49.862640] raid6: using algorithm sse2x4 gen() 15407 MB/s
[   49.910351] raid6: .... xor() 9284 MB/s, rmw enabled
[   49.933766] raid6: using ssse3x2 recovery algorithm
[   49.959579] xor: automatically using best checksumming function:
[   50.068299]    avx       : 24460.000 MB/sec
[   50.123223] async_tx: api initialized (async)
[   50.153782] md: raid6 personality registered for level 6
[   50.208105] md: raid5 personality registered for level 5
[   50.246399] md: raid4 personality registered for level 4
[   50.256341] md: raid10 personality registered for level 10
done.
Begin: Running /scripts/init-premount ...[   50.339992] Btrfs loaded
 done.
Begin: Mounting root file system ... Begin: Running /scripts/local-top .[   50.419486] EXT4-fs (sda1): mounted filesystem with ordered data mode. Opts: (null)
.. done.
Begin: Running /scripts/local-premount ... Scanning for Btrfs filesystems
done.
Warning: fsck not present, so skipping root file system
done.
Begin: Running /scripts/local-bottom ... done.
Begin: Running /scripts/init-bottom ... done.
[   50.613381] systemd[1]: systemd 229 running in system mode. (+PAM +AUDIT +SELINUX +IMA +APPARMOR +SMACK +SYSVINIT +UTMP +LIBCRYPTSETUP +GCRYPT +GNUTLS +ACL +XZ -LZ4 +SECCOMP +BLKID +ELFUTILS +KMOD -IDN)
[   50.807668] systemd[1]: Detected virtualization oracle.
[   50.840645] systemd[1]: Detected architecture x86-64.

Welcome to [1mUbuntu 16.04.1 LTS[0m!

[   5090770] system[1]: ethotname to<ubuntu.
[   51.147016] systemd[1]: Initializing machine ID from random generator.
[   51.197971] systemd[1]: Installed transient /etc/machine-id file.
[   51.346032] systemd[1]: Reached target Encrypted Volumes.
[[0;32m  OK  [0m] Reached target Encrypted Volumes.
[  51.4567] ysem[1 Ltening n M2pol aeonocet

[[0;32m  OK  [0m] Listening on LVM2 poll daemon socket.
[  5199567] ysemd[1]: isteni oudv ntol Soke.
[[0;32m  OK  [0m] Listening on udev Control Socket.
[ 524847syte[1]: Lisenig n Journal udit Soke.
[[0;32m  OK  [0m] Listening on Journal Audit Socket.
[  528548] systemd1]Cratd lie UseranSesion Sic.
[[0;32m  OK  [0m] Created slice User and Session Slice.
[  53.3173] systemd1]Liseng  JounaSoet

[[0;32m  OK  [0m] Listening on Journal Socket.
[ 53560]ysmd[1]: Cat sice ysem Slie.
[[0;32m  OK  [0m] Created slice System Slice.
[   54.297331] systemd[1]: Starting Set console keymap...
         Starting Set console keymap...
[   54.420496] systemd[1]: Mounting Debug File System...
         Mounting Debug File System...
[   54.584965] systemd[1]: Mounting POSIX Message Queue File System...
         Mounting POSIX Message Queue File System...
[   54.800487] systemd[1]: Starting Nameserver information manager...
         Starting Nameserver information manager...
[ 5498554] sytem[1]:Lienngon/d/initl mpatibliy ame Ppe
[[0;32m  OK  [0m] Listening on /dev/initctl Compatibility Named Pipe.
[ 556145] ysmd]:isnig on Journl ck (/devog).
[[0;32m  OK  [0m] Listening on Journal Socket (/dev/log).
[  5.1766]ysemd1] Cated sicsyemerl\dgtty.slce

[[0;32m  OK  [0m] Created slice system-serial\x2dgetty.slice.
[ 56899]ysted[: achetarget lis.
[[0;32m  OK  [0m] Reached target Slices.
[  57.364] systd[: eaedart erndGrp meoops

[[0;32m  OK  [0m] Reached target User and Group Name Lookups.
[ 5800936] sstemd[1 Srt Frwrdaswod Requests to Wall Directory Wch
[[0;32m  OK  [0m] Started Forward Password Requests to Wall Directory Watch.
[ 58724]ysmd]:et up toun Arbitrary Execuab Fe rms leSyst Aomntoi.
[[0;32m  OK  [0m] Set up automount Arbitrary Executab...ats File System Automount Point.
[ 59964]anm:onlocking ols initialized
[   60.164547] systemd[1]: Starting Remount Root and Kernel File Systems...
         [   60.345929] EXT4-fs (sda1): re-mounted. Opts: (null)
Starting Remount Root and Kernel File Systems...
[   60.528934] systemd[1]: Listening on udev Kernel Socket.
[[0;32m  OK  [0m] Listening on udev Kernel Socket.
[   0.2091syem1]Listeng  Sslogocket.
[[0;32m  OK  [0m] Listening on Syslog Socket.
[   61.248821] systemd[1]: Starting Journal Service...
         Starting Journal Service...
[   61.416952] systemd[1]: Starting Uncomplicated firewall...
         Starting Uncomplicated firewall...
[   61.700839] systemd[1]: Starting Create list of required static device nodes for the current kernel...
         Starting Create list of required st... nodes for the current kernel...
[   61.940849] systemd[1]: Starting Load Kernel Modules...
         [   62.079844] Loading iSCSI transport class v2.0-870.
Starting Load Ke[   62.333180] iscsi: registered transport (tcp)
rnel Modules...
[   62.610257] systemd[1]: Listening on Device-mapper event daemon FIFOs.
[[0;32m  OK  [0[   62.862476] iscsi: registered transport (iser)
m] Listening on Device-mapper event daemon FIFOs.
[   2.56] systd[1]Rehetaetwa
[[0;32m  OK  [0m] Reached target Swap.
[ 63490] sysmd]:isni oLV mada emn cket

[[0;32m  OK  [0m] Listening on LVM2 metadata daemon socket.
[   64.192863] systemd[1]: Starting Monitoring of LVM2 mirrors, snapshots etc. using dmeventd or progress polling...
         Starting Monitoring of LVM2 mirrors... dmeventd or progress polling...
[   64.512691] systemd[1]: Mounting Huge Pages File System...
         Mounting Huge Pages File System...
[   64.721630] systemd[1]: Mounted POSIX Message Queue File System.
[[0;32m  OK  [0m] Mounted POSIX Message Queue File System.
[  6.979 systmd[1] MouedugPas leysm.
[[0;32m  OK  [0m] Mounted Huge Pages File System.
[ 65215] systemd1]MoteDeg leystem.
[[0;32m  OK  [0m] Mounted Debug File System.
[  66.046494] systemd[1]: aredoualSeic
[[0;32m  OK  [0m] Started Journal Service.
[[0;32m  OK  [0m] Started Set console keymap.
[[0;32m  OK  [0m] Started Remount Root and Kernel File Systems.
[[0;32m  OK  [0m] Started Uncomplicated firewall.
[[0;32m  OK  [0m] Started Create list of required sta...ce nodes for the current kernel.
[[0;32m  OK  [0m] Started Load Kernel Modules.
[[0;32m  OK  [0m] Started Nameserver information manager.
[[0;32m  OK  [0m] Started LVM2 metadata daemon.
         Mounting FUSE Control File System...
         Starting Apply Kernel Variables...
         Starting Create Static Device Nodes in /dev...
         Starting Load/Save Random Seed...
         Starting udev Coldplug all Devices...
         Starting Initial cloud-init job (pre-networking)...
         Starting Flush Journal to Persistent Storage...
[[0;32m  OK  [0m] Mounted FUSE Control File System.
[[0;32m  OK  [0m] Started Monitoring of LVM2 mirrors,...ng dmeventd or progress polling.
[[0;32m  OK  [0m] Started Apply Kernel Variables.
[[0;32m  OK  [0m] Started Create Static Device Nodes in /dev.
[[0;32m  OK  [0m] Started Load/Save Random Seed.
[[0;32m  OK  [0m] Started Flush Journal to Persistent Storage.
[[0;32m  OK  [0m] Started udev Coldplug all Devices.
         Starting udev Kernel Device Manager...
[[0;32m  OK  [0m] Started udev Kernel Device Manager.
[[0;32m  OK  [0m] Started Dispatch Password Requests to Console Directory Watch.
[[   39.289852] cloud-init[486]: Cloud-init v. 0.7.8 running 'init-local' at Sat, 18 Feb 2017 02:48:35 +0000. Up 39.01 seconds.
[0;32m  OK  [0m] Reached target Local File Systems (Pre).
[[0;32m  OK  [0m] Reached target Local File Systems.
         Starting LSB: AppArmor initialization...
         Starting Tell Plymouth To Write Out Runtime Data...
         Starting Set console font and keymap...
         Starting Commit a transient machine-id on disk...
         Starting Create Volatile Files and Directories...
[[0;32m  OK  [0m] Started Tell Plymouth To Write Out Runtime Data.
[[0;32m  OK  [0m] Started Commit a transient machine-id on disk.
[[0;32m  OK  [0m] Started Create Volatile Files and Directories.
[[0;32m  OK  [0m] Started Initial cloud-init job (pre-networking).
[[0;1;31mFAILED[0m] Failed to start Set console font and keymap.
See 'systemctl status console-setup.service' for details.
[[0;32m  OK  [0m] Found device /dev/ttyS0.
[[0;32m  OK  [0m] Listening on Load/Save RF Kill Switch Status /dev/rfkill Watch.
[[0;32m  OK  [0m] Created slice system-getty.slice.
[[0;32m  OK  [0m] Reached target Network (Pre).
[[0;32m  OK  [0m] Reached target System Time Synchronized.
         Starting Update UTMP about System Boot/Shutdown...
[[0;32m  OK  [0m] Started LSB: AppArmor initialization.
         Starting Raise network interfaces...
[[0;32m  OK  [0m] Started ifup for enp0s3.
[[0;32m  OK  [0m] Started Update UTMP about System Boot/Shutdown.
[[0;32m  OK  [0m] Started Raise network interfaces.
[[0;32m  OK  [0m] Reached target Network.
         Starting Initial cloud-init job (metadata service crawler)...
[   43.091151] cloud-init[1021]: Cloud-init v. 0.7.8 running 'init' at Sat, 18 Feb 2017 02:48:39 +0000. Up 42.71 seconds.
[   43.212401] [cloud-init[0;32m  OK  [0m[1021]: ] ci-info: +++++++++++++++++++++++++++++++++++++Net device info++++++++++++++++++++++++++++++++++++++Started Initial cloud-init job (metadata service crawler).

[   43.212816] cloud-init[1021]: ci-info: +--------+------+----------------------------+---------------+-------+-------------------+
[   43.496757] [cloud-init[0;32m  OK  [0m[1021]: ] ci-info: | Device |  Up  |          Address           |      Mask     | Scope |     Hw-Address    |Reached target System Initialization.

[[0;32m  OK  [0m] Started Daily apt activities.
[   43.497524] cloud-init[1021]: ci-info: +--------+------+----------------------------+---------------+-------+-------------------+
[   43.776760] [cloud-init[0;32m  OK  [0m[1021]: ] ci-info: |   lo   | True |         127.0.0.1          |   255.0.0.0   |   .   |         .         |Started ACPI Events Check.

[[0;32m  OK  [0m] Started Timer to automatically refresh installed snaps.
[   43.777522] cloud-init[1021]: ci-info: |   lo   | True |          ::1/128           |       .       |  host |         .         |
[   44.109153]          cloud-initStarting Socket activation for snappy daemon.[1021]: 
ci-info: | enp0s3 | True |         10.0.2.15          | 255.255.255.0 |   .   | 02:29:99:d5:6c:03 |
[   44.252668] [cloud-init[0;32m  OK  [0m[1021]: ] ci-info: | enp0s3 | True | fe80::29:99ff:fed5:6c03/64 |       .       |  link | 02:29:99:d5:6c:03 |Listening on ACPID Listen Socket.

[   44.401085] [cloud-init[0;32m  OK  [0m[1021]: ] ci-info: +--------+------+----------------------------+---------------+-------+-------------------+Started Daily Cleanup of Temporary Directories.

[   44.560848] [cloud-init[0;32m  OK  [0m[1021]: ] ci-info: +++++++++++++++++++++++++++Route IPv4 info++++++++++++++++++++++++++++Reached target Timers.

[[0;32m  OK  [0m] Listening on UUID daemon activation socket.
[   44.561327] cloud-init[1021]: ci-info: +-------+-------------+----------+---------------+-----------+-------+
[   44.857005]          cloud-initStarting LXD - unix socket.[1021]: 
ci-info: | Route | Destination | Gateway  |    Genmask    | Interface | Flags |
[   44.993220] [cloud-init[0;32m  OK  [0m[1021]: ] ci-info: +-------+-------------+----------+---------------+-----------+-------+Started Trigger resolvconf update for networkd DNS.

[   44.993984] [cloud-init[0;32m  OK  [0m[1021]: ] ci-info: |   0   |   0.0.0.0   | 10.0.2.2 |    0.0.0.0    |   enp0s3  |   UG  |Reached target Paths.

[   45.212706] [cloud-init[0;32m  OK  [0m[1021]: ] ci-info: |   1   |   10.0.2.0  | 0.0.0.0  | 255.255.255.0 |   enp0s3  |   U   |Listening on D-Bus System Message Bus Socket.

[   45.292371] [cloud-init[0;32m  OK  [0m[1021]: ] ci-info: +-------+-------------+----------+---------------+-----------+-------+Reached target Network is Online.

[   45.292728] cloud-init[1021]: Generating public/private rsa key pair.
[   45.444471]          cloud-initStarting iSCSI initiator daemon (iscsid)...[1021]: 
Your identification has been saved in /etc/ssh/ssh_host_rsa_key.
[[0;32m  OK  [0m] Reached target Cloud-config availability.
[   45.445025] cloud-init[1021]: Your public key has been saved in /etc/ssh/ssh_host_rsa_key.pub.
[   45.601762] [cloud-init[0;32m  OK  [0m[1021]: ] The key fingerprint is:Listening on Socket activation for snappy daemon.

[[0;32m  OK  [0m] Listening on LXD - unix socket.
[   45.602329] cloud-init[1021]: SHA256:jyPNXHvJCYWyNwizs2y4esvjPw/FpL0VvN9VsOc+c20 root@ubuntu-xenial
[   45.780297] [cloud-init[0;32m  OK  [0m[1021]: ] The key's randomart image is:Started iSCSI initiator daemon (iscsid).

[   45.880679]          cloud-initStarting Login to default iSCSI targets...[1021]: 
+---[RSA 2048]----+
[   45.952581] [cloud-init[0;32m  OK  [0m[1021]: ] |              .  |Reached target Sockets.

[   46.044641] [cloud-init[0;32m  OK  [0m[1021]: ] |         . .   o |Reached target Basic System.

[   46.102134]          cloud-initStarting LSB: Record successful boot for GRUB...[1021]: 
|      o o + . . o|
[   46.172296]          cloud-initStarting LSB: MD monitoring daemon...[1021]: 
|       O + +   o.|
[   46.228632] [cloud-init[0;32m  OK  [0m[1021]: ] |      + S B     o|Started Regular background program processing daemon.

[   46.304386] cloud-init[1021]: |     o B B * + o.|
[   46.336286] cloud-init[1021]: |    . * B o * .oE|
[[0;32m  OK  [0m] Started Deferred execution scheduler.
[   46.355814] cloud-init[1021]: |   .oo.o . .   .+|
[   46.416305] cloud-init[1021]: |  .+=+.o.        |
[   46.448808] cloud-init[1021]: +----[SHA256]-----+
         Starting Accounts Service...
[   46.499657] cloud-init[1021]: Generating public/private dsa key pair.
[   46.568314] [cloud-init[0;32m  OK  [0m[1021]: ] Your identification has been saved in /etc/ssh/ssh_host_dsa_key.Started Snappy daemon.

[   46.568815] cloud-init[1021]: Your public key has been saved in /etc/ssh/ssh_host_dsa_key.pub.
[   46.668307] cloud-init[1021]: The key fingerprint is:
         Starting LXD - container startup/shutdown...
[   46.703857] cloud-init[1021]: SHA256:LQHlWxtoKoK32RO/ViH4iPdsZOxZpwZ4KApGYkOJ9ec root@ubuntu-xenial
[[0;32m  OK  [0m] Started D-Bus System Message Bus.
[   46.822721] cloud-init[1021]: The key's randomart image is:
[   46.900336] cloud-init[1021]: +---[DSA 1024]----+
[   46.932279] cloud-init[1021]: |..o   ...        |
[   46.945506] cloud-init[1021]: |.o .   o .       |
[[0;32m  OK  [0m] Started FUSE filesystem for LXC.
[   46.949312] cloud-init[1021]: |.   ... = o      |
[   47.018588] cloud-init[1021]: |.=  .o.o.= o     |
         Starting Pollinate to seed the pseudo random number generator...
[   47.062615] cloud-init[1021]: |= +.o*E.S.o      |
[   47.112468] cloud-init[1021]: |.oo==+B o..      |
[   47.113249] cloud-init[1021]: |o.oooB.= o       |
[   47.114003] cloud-init[1021]: |.    .B.o        |
[[0;32m  OK  [0m] Started ACPI event daemon.
[   47.130545] cloud-init[1021]: |     o..         |
         Starting Login Service...
[   47.198190] cloud-init[1021]: +----[SHA256]-----+
         Starting Apply the settings specified in cloud-config...
[   47.282668] cloud-init[1021]: Generating public/private ecdsa key pair.
[   47.392930]          cloud-initStarting /etc/rc.local Compatibility...[1021]: 
Your identification has been saved in /etc/ssh/ssh_host_ecdsa_key.
[   47.532247]          cloud-initStarting System Logging Service...[1021]: 
Your public key has been saved in /etc/ssh/ssh_host_ecdsa_key.pub.
[   47.628447]          cloud-initStarting Auto import assertions from block devices...[1021]: 
The key fingerprint is:
[   47.692302] [cloud-init[0;32m  OK  [0m[1021]: ] SHA256:g7vm3jy13oUeYXLnfKiaLqxTqU8ZOWlbNm0nrVfl5b0 root@ubuntu-xenialStarted System Logging Service.

[   47.692919] cloud-init[1021]: The key's randomart image is:
[   47.881508] cloud-init[1021]: +---[ECDSA 256]---+
[[0;32m  OK  [0m] Started LXD - container startup/shutdown.
[   47.881943] cloud-init[1021]: |                 |
[   47.972684] [cloud-init[0;32m  OK  [0m[1021]: ] |                 |Started /etc/rc.local Compatibility.

[   48.017928] [cloud-init[0;32m  OK  [0m[1021]: ] |                o|Started Auto import assertions from block devices.

[   48.018689] cloud-init[1021]: |       . o . . o+|
[   48.112236] cloud-init[1021]: |      . S.= B + =|
[   48.160531] cloud-init[1021]: |       ooO.* X o.|
[[0;32m  OK  [0m] Started LSB: Record successful boot for GRUB.
[[0;32m  OK  [0m] Started LSB: MD monitoring daemon.
[[0;32m  OK  [0m] Started Pollinate to seed the pseudo random number generator.
[   48.195746] cloud-init[1021]: |      .++. .+ *E.|
[   48.349624] cloud-init[1021]: |      +=+ .+ = . |
[   48.392335] cloud-init[1021]: |     +=++==.+    |
[   48.428826] cloud-init[1021]: +----[SHA256]-----+
[[0;32m  OK  [0m] Started Login to default iSCSI targets.
[   48.451314] cloud-init[1021]: Generating public/private ed25519 key pair.
[[0;32m  OK  [0m] Started Login Service.
[   48.545194] cloud-init[1021]: Your identification has been saved in /etc/ssh/ssh_host_ed25519_key.
[   48.631280]          cloud-initStarting Authenticate and Authorize Users to Run Privileged Tasks...[1021]: 
Your public key has been saved in /etc/ssh/ssh_host_ed25519_key.pub.
[   48.760572] cloud-init[1021]: The key fingerprint is:
[[0;32m  OK  [0m] Reached target Remote File Systems (Pre).
[[0;32m  OK  [0m] Reached target Remote File Systems.
[   48.761107] cloud-init[1021]: SHA256:ZJLkuN6/sO9D9Lv18tfVwGZpmfQJa6W5Bzo7CPE/MAw root@ubuntu-xenial
[   48.906740]          cloud-initStarting LSB: automatic crash report generation...[1021]: 
The key's randomart image is:
[   48.996333]          cloud-initStarting LSB: Set the CPU Frequency Scaling governor to "ondemand"...[1021]: 
+--[ED25519 256]--+
[   49.084424]          cloud-initStarting Permit User Sessions...[1021]: 
|      .          |
         Starting LSB: VirtualBox Linux Additions...
[   49.151942] cloud-init[1021]: |     + .     ... |
[   49.224508]          cloud-initStarting LSB: daemon to balance interrupts for SMP systems...[1021]: 
|    . + o    o*=.|
[   49.304495] [cloud-init[0;32m  OK  [0m[1021]: |     . E.    *X..|] 
Stopped OpenBSD Secure Shell server.
[   49.304958] cloud-init[1021]: |    .  .S.  o+o..|
[   49.386752]          cloud-initStarting OpenBSD Secure Shell server...[1021]: 
|   . . ..=.o . .o|
[   49.448495] [cloud-init[0;32m  OK  [0m[1021]: ] |    . o.. =.+ . o|Started OpenBSD Secure Shell server.

[   49.448836] cloud-init[1021]: |       +...*..  o|
[   49.576809] [cloud-init[0;32m  OK  [0m[1021]: ] |      .o=o..ooo. |Started Permit User Sessions.

[[0;32m  OK  [0m] Started Authenticate and Authorize Users to Run Privileged Tasks.
[   49.577568] cloud-init[1021]: +----[SHA256]-----+
[[0;32m  OK  [0m] Started Accounts Service.
[   49.754566] cloud-init[1199]: Generating locales (this might take a while)...
[   49.800111] [cloud-init[0;32m  OK  [0m[1199]: ]   en_US.UTF-8... doneStarted LSB: Set the CPU Frequency Scaling governor to "ondemand".

[   49.800358] cloud-init[1199]: Generation complete.
[[0;32m  OK  [0m] Started LSB: automatic crash report generation.
[   49.897720] [cloud-init[0;32m  OK  [0m[1199]: ] Cloud-init v. 0.7.8 running 'modules:config' at Sat, 18 Feb 2017 02:48:44 +0000. Up 47.50 seconds.Started Apply the settings specified in cloud-config.

[[0;32m  OK  [0m] Started LSB: VirtualBox Linux Additions.
[[0;32m  OK  [0m] Created slice User Slice of ubuntu.
         Starting User Manager for UID 1000...
[[0;32m  OK  [0m] Started Session 1 of user ubuntu.
         Starting Terminate Plymouth Boot Screen...
         Starting Hold until boot process finishes up...
[[0;32m  OK  [0m] Started User Manager for UID 1000.
[[0;32m  OK  [0m] Started LSB: daemon to balance interrupts for SMP systems.
[[0;32m  OK  [0m] Started Terminate Plymouth Boot Screen.
[[0;32m  OK  [0m] Started Hold until boot process finishes up.
[[0;32m  OK  [0m] Started Getty on tty1.
[[0;32m  OK  [0m] Started Serial Getty on ttyS0.
[[0;32m  OK  [0m] Reached target Login Prompts.
         Starting Set console scheme...
[[0;32m  OK  [0m] Reached target Multi-User System.
         Starting Execute cloud user/final scripts...
[[0;32m  OK  [0m] Reached target Graphical Interface.
         Starting Update UTMP about System Runlevel Changes...
[[0;32m  OK  [0m] Started Set console scheme.
[[0;32m  OK  [0m] Started Update UTMP about System Runlevel Changes.
ci-info: no authorized ssh keys fingerprints found for user ubuntu.
<14>Feb 18 02:48:48 ec2: 
<14>Feb 18 02:48:48 ec2: #############################################################
<14>Feb 18 02:48:48 ec2: -----BEGIN SSH HOST KEY FINGERPRINTS-----
<14>Feb 18 02:48:48 ec2: 1024 SHA256:LQHlWxtoKoK32RO/ViH4iPdsZOxZpwZ4KApGYkOJ9ec root@ubuntu-xenial (DSA)
<14>Feb 18 02:48:48 ec2: 256 SHA256:g7vm3jy13oUeYXLnfKiaLqxTqU8ZOWlbNm0nrVfl5b0 root@ubuntu-xenial (ECDSA)
<14>Feb 18 02:48:48 ec2: 256 SHA256:ZJLkuN6/sO9D9Lv18tfVwGZpmfQJa6W5Bzo7CPE/MAw root@ubuntu-xenial (ED25519)
<14>Feb 18 02:48:48 ec2: 2048 SHA256:jyPNXHvJCYWyNwizs2y4esvjPw/FpL0VvN9VsOc+c20 root@ubuntu-xenial (RSA)
<14>Feb 18 02:48:48 ec2: -----END SSH HOST KEY FINGERPRINTS-----
<14>Feb 18 02:48:48 ec2: #############################################################
-----BEGIN SSH HOST KEY KEYS-----
ecdsa-sha2-nistp256 AAAAE2VjZHNhLXNoYTItbmlzdHAyNTYAAAAIbmlzdHAyNTYAAABBBFL68UzrPqItZVYNNOEzmKRd99wq6/nx5pOoP3xHOXQ71Y7Uwt1J1W+70Tm41KuS1UPpIqUDJdQsh9ieX3//wRg= root@ubuntu-xenial
ssh-ed25519 AAAAC3NzaC1lZDI1NTE5AAAAIHhG8xXoWPl7sE4H92PUvKutNdIJGU9qBq6vP42UWbFF root@ubuntu-xenial
ssh-rsa AAAAB3NzaC1yc2EAAAADAQABAAABAQCvgZWbpZKMqpwJEkjF8KoOlIUt7bn6e+xwbYUV+d+1/6WNZU2EgSISMFHvS9uXmYHQsDgfKbVzBHi7vJc8H325t8Ba2eQHR1lK9UcEf4BHpNxR1jAMdOggay3YYy0YiVbSoHv0AwTdgyCqEC1UdEekZiMn7GkTFSIrS/8PZ1WnVggvEiZs3j2sNW7IkgF5DXu6AjurAMCtmT0GKiOEkAZi4a7dEGPQbXbE7f0+Bdxe0hwIZZpoEBWlX+4HTmIMVMPD1L0qaQNDpiihObxfdPN6paImMc8SpHsn/u7rclHTJJXr48cANfHHwTp/uqqAG+/tleoZxvEvxm3viv9U013T root@ubuntu-xenial
-----END SSH HOST KEY KEYS-----
[[0;32m  OK  [0m] Started Session 2 of user ubuntu.
[   52.499051] cloud-init[1382]: Cloud-init v. 0.7.8 running 'modules:final' at Sat, 18 Feb 2017 02:48:48 +0000. Up 51.11 seconds.
[   52.632969] [cloud-init[0;32m  OK  [0m[1382]: ] ci-info: no authorized ssh keys fingerprints found for user ubuntu.Started Execute cloud user/final scripts.

[   52.633399] cloud-init[1382]: Cloud-init v. 0.7.8 finished at Sat, 18 Feb 2017 02:48:49 +0000. Datasource DataSourceNoCloud [seed=/dev/sdb][dsmode=net].  Up 52.49 seconds
[[0;32m  OK  [0m] Reached target Cloud-init target.

Ubuntu 16.04.1 LTS ubuntu-xenial ttyS0

ubuntu-xenial login:        n         Stopping Serial Getty on ttyS0...
         Stopping LSB: VirtualBox Linux Additions...
         Stopping LSB: Set the CPU Frequency Scaling governor to "ondemand"...
         Stopping Snappy daemon...
         Stopping LSB: daemon to balance interrupts for SMP systems...
         Stopping FUSE filesystem for LXC...
         Stopping ACPI event daemon...
         Stopping LSB: MD monitoring daemon...
         Stopping Deferred execution scheduler...
         Stopping OpenBSD Secure Shell server...
         Stopping LSB: Record successful boot for GRUB...
[[0;32m  OK  [0m] Stopped target Timers.
         Stopping Accounts Service...
         Stopping System Logging Service...
         Stopping MySQL Community Server...
         Stopping D-Bus System Message Bus...
         Stopping Getty on tty1...
[[0;32m  OK  [0m] Stopped Daily apt activities.
[[0;32m  OK  [0m] Stopped Apply the settings specified in cloud-config.
[[0;32m  OK  [0m] Stopped target Cloud-config availability.
         Stopping LSB: automatic crash report generation...
[[0;32m  OK  [0m] Closed Load/Save RF Kill Switch Status /dev/rfkill Watch.
         Stopping LXD - container startup/shutdown...
         Stopping Regular background program processing daemon...
         Stopping Authenticate and Authorize Users to Run Privileged Tasks...
[[0;32m  OK  [0m] Stopped Daily Cleanup of Temporary Directories.
[[0;32m  OK  [0m] Stopped Timer to automatically refresh installed snaps.
[[0;32m  OK  [0m] Stopped target System Time Synchronized.
[[0;32m  OK  [0m] Unmounted /var/lib/lxcfs.
[[0;32m  OK  [0m] Stopped Regular background program processing daemon.
[[0;32m  OK  [0m] Stopped Deferred execution scheduler.
[[0;32m  OK  [0m] Stopped Accounts Service.
[[0;32m  OK  [0m] Stopped Snappy daemon.
[[0;32m  OK  [0m] Stopped ACPI event daemon.
[[0;32m  OK  [0m] Stopped System Logging Service.
[[0;32m  OK  [0m] Stopped Authenticate and Authorize Users to Run Privileged Tasks.
[[0;32m  OK  [0m] Stopped OpenBSD Secure Shell server.
[[0;32m  OK  [0m] Stopped Getty on tty1.
[[0;32m  OK  [0m] Stopped Serial Getty on ttyS0.
[[0;32m  OK  [0m] Stopped User Manager for UID 1000.
[[0;32m  OK  [0m] Stopped Session 4 of user ubuntu.
[[0;32m  OK  [0m] Stopped D-Bus System Message Bus.
[[0;32m  OK  [0m] Stopped FUSE filesystem for LXC.
[[0;32m  OK  [0m] Stopped LSB: Set the CPU Frequency Scaling governor to "ondemand".
[[0;32m  OK  [0m] Stopped LSB: VirtualBox Linux Additions.
[[0;32m  OK  [0m] Stopped LSB: daemon to balance interrupts for SMP systems.
[[0;32m  OK  [0m] Stopped LSB: MD monitoring daemon.
[[0;32m  OK  [0m] Stopped LSB: Record successful boot for GRUB.
[[0;32m  OK  [0m] Stopped LSB: automatic crash report generation.
[[0;32m  OK  [0m] Stopped MySQL Community Server.
[[0;32m  OK  [0m] Stopped LXD - container startup/shutdown.
[[0;32m  OK  [0m] Removed slice User Slice of ubuntu.
         Stopping Login Service...
[[0;32m  OK  [0m] Removed slice system-serial\x2dgetty.slice.
[[0;32m  OK  [0m] Removed slice system-getty.slice.
         Stopping Permit User Sessions...
[[0;32m  OK  [0m] Stopped /etc/rc.local Compatibility.
[[0;32m  OK  [0m] Stopped Login Service.
[[0;32m  OK  [0m] Stopped Permit User Sessions.
[[0;32m  OK  [0m] Stopped target Remote File Systems.
[[0;32m  OK  [0m] Stopped target Remote File Systems (Pre).
         Stopping Login to default iSCSI targets...
[[0;32m  OK  [0m] Stopped target Basic System.
[[0;32m  OK  [0m] Stopped target Paths.
[[0;32m  OK  [0m] Stopped Trigger resolvconf update for networkd DNS.
[[0;32m  OK  [0m] Stopped ACPI Events Check.
[[0;32m  OK  [0m] Stopped Forward Password Requests to Wall Directory Watch.
[[0;32m  OK  [0m] Stopped Dispatch Password Requests to Console Directory Watch.
[[0;32m  OK  [0m] Stopped target Slices.
[[0;32m  OK  [0m] Stopped target Sockets.
[[0;32m  OK  [0m] Closed UUID daemon activation socket.
[[0;32m  OK  [0m] Closed D-Bus System Message Bus Socket.
[[0;32m  OK  [0m] Closed Syslog Socket.
[[0;32m  OK  [0m] Closed LXD - unix socket.
[[0;32m  OK  [0m] Closed ACPID Listen Socket.
[[0;32m  OK  [0m] Closed Socket activation for snappy daemon.
[[0;32m  OK  [0m] Stopped target System Initialization.
[[0;32m  OK  [0m] Stopped target Swap.
         Stopping Update UTMP about System Boot/Shutdown...
[[0;32m  OK  [0m] Stopped target Encrypted Volumes.
[[0;32m  OK  [0m] Stopped Commit a transient machine-id on disk.
         Stopping Load/Save Random Seed...
[[0;32m  OK  [0m] Removed slice User and Session Slice.
[[0;32m  OK  [0m] Stopped target User and Group Name Lookups.
[[0;32m  OK  [0m] Stopped Load/Save Random Seed.
[[0;32m  OK  [0m] Stopped Login to default iSCSI targets.
[[0;32m  OK  [0m] Stopped Update UTMP about System Boot/Shutdown.
[[0;32m  OK  [0m] Stopped Create Volatile Files and Directories.
         Stopping iSCSI initiator daemon (iscsid)...
[[0;32m  OK  [0m] Stopped iSCSI initiator daemon (iscsid).
[[0;32m  OK  [0m] Stopped target Network is Online.
[[0;32m  OK  [0m] Stopped target Network.
[[0;32m  OK  [0m] Stopped Initial cloud-init job (metadata service crawler).
         Stopping Raise network interfaces...
[[0;32m  OK  [0m] Stopped Raise network interfaces.
[[0;32m  OK  [0m] Stopped target Network (Pre).
[[0;32m  OK  [0m] Stopped Initial cloud-init job (pre-networking).
[[0;32m  OK  [0m] Stopped Apply Kernel Variables.
[[0;32m  OK  [0m] Stopped Load Kernel Modules.
[[0;32m  OK  [0m] Stopped target Local File Systems.
         Unmounting /vagrant...
         Unmounting /run/user/1000...
         Starting Unattended Upgrades Shutdown...
[[0;32m  OK  [0m] Unmounted /vagrant.
[[0;32m  OK  [0m] Unmounted /run/user/1000.
[[0;32m  OK  [0m] Started Unattended Upgrades Shutdown.
[[0;32m  OK  [0m] Reached target Unmount All Filesystems.
[[0;32m  OK  [0m] Stopped target Local File Systems (Pre).
         Stopping Monitoring of LVM2 mirrors... dmeventd or progress polling...
[[0;32m  OK  [0m] Stopped Remount Root and Kernel File Systems.
[[0;32m  OK  [0m] Stopped Create Static Device Nodes in /dev.
[[0;32m  OK  [0m] Reached target Shutdown.
[  491.187089] reboot: Power down
